
*** Running xst
    with args -ifn "proc_module_stub.xst" -ofn "proc_module_stub.srp" -intstyle ise

Reading design: proc_module_stub.prj

=========================================================================
*                          HDL Parsing                                  *
=========================================================================
Parsing VHDL file "C:/Xilinx/Projects/zed_first/zed_first.srcs/sources_1/edk/proc_module/hdl/proc_module.vhd" into library work
Parsing entity <proc_module>.
Parsing architecture <STRUCTURE> of entity <proc_module>.
Parsing VHDL file "C:/Xilinx/Projects/zed_first/zed_first.srcs/sources_1/edk/proc_module/proc_module_stub.vhd" into library work
Parsing entity <proc_module_stub>.
Parsing architecture <STRUCTURE> of entity <proc_module_stub>.

=========================================================================
*                            HDL Elaboration                            *
=========================================================================

Elaborating entity <proc_module_stub> (architecture <STRUCTURE>) from library <work>.

Elaborating entity <proc_module> (architecture <>) from library <work>.

=========================================================================
*                           HDL Synthesis                               *
=========================================================================

Synthesizing Unit <proc_module_stub>.
    Related source file is "C:/Xilinx/Projects/zed_first/zed_first.srcs/sources_1/edk/proc_module/proc_module_stub.vhd".
    Set property "BOX_TYPE = user_black_box" for instance <proc_module_i>.
    Summary:
	no macro.
Unit <proc_module_stub> synthesized.

=========================================================================
HDL Synthesis Report

Found no macro
=========================================================================

=========================================================================
*                       Advanced HDL Synthesis                          *
=========================================================================

Reading core <..\..\zed_first.srcs\sources_1\edk\proc_module\implementation/proc_module.ngc>.
Reading core <..\..\zed_first.srcs\sources_1\edk\proc_module\implementation/proc_module_processing_system7_0_wrapper.ngc>.
Reading core <..\..\zed_first.srcs\sources_1\edk\proc_module\implementation/proc_module_axi4lite_0_wrapper.ngc>.
Reading core <..\..\zed_first.srcs\sources_1\edk\proc_module\implementation/proc_module_leds_4bits_wrapper.ngc>.
Reading core <..\..\zed_first.srcs\sources_1\edk\proc_module\implementation/proc_module_gpio_sw_wrapper.ngc>.
Loading core <proc_module_processing_system7_0_wrapper> for timing and area information for instance <processing_system7_0>.
Loading core <proc_module_axi4lite_0_wrapper> for timing and area information for instance <axi4lite_0>.
Loading core <proc_module_leds_4bits_wrapper> for timing and area information for instance <LEDs_4Bits>.
Loading core <proc_module_gpio_sw_wrapper> for timing and area information for instance <GPIO_SW>.
Loading core <proc_module> for timing and area information for instance <proc_module_i>.

=========================================================================
Advanced HDL Synthesis Report

Found no macro
=========================================================================

=========================================================================
*                         Low Level Synthesis                           *
=========================================================================

WARNING:Xst:528 - Multi-source in Unit <processing_system7_0> on signal <PS_SRSTB>; this signal is connected to multiple drivers.
Drivers are: 
   Primary input port <processing_system7_0_PS_SRSTB>
   Output port PS7:PSSRSTB of instance <proc_module_i/processing_system7_0/processing_system7_0/PS7_i>

WARNING:Xst:528 - Multi-source in Unit <processing_system7_0> on signal <PS_CLK>; this signal is connected to multiple drivers.
Drivers are: 
   Primary input port <processing_system7_0_PS_CLK>
   Output port PS7:PSCLK of instance <proc_module_i/processing_system7_0/processing_system7_0/PS7_i>

WARNING:Xst:528 - Multi-source in Unit <processing_system7_0> on signal <PS_PORB>; this signal is connected to multiple drivers.
Drivers are: 
   Primary input port <processing_system7_0_PS_PORB>
   Output port PS7:PSPORB of instance <proc_module_i/processing_system7_0/processing_system7_0/PS7_i>

Optimizing unit <proc_module_stub> ...

Mapping all equations...
Building and optimizing final netlist ...
Found area constraint ratio of 100 (+ 0) on block proc_module_stub, actual ratio is 0.
INFO:Xst:2260 - The FF/Latch <axi4lite_0/crossbar_samd/gen_sasd.crossbar_sasd_0/gen_crossbar.addr_arbiter_inst/m_valid_i> in Unit <axi4lite_0> is equivalent to the following FF/Latch : <axi4lite_0/crossbar_samd/gen_sasd.crossbar_sasd_0/gen_crossbar.addr_arbiter_inst/m_valid_i_1> 
INFO:Xst:2260 - The FF/Latch <axi4lite_0/crossbar_samd/gen_sasd.crossbar_sasd_0/gen_crossbar.addr_arbiter_inst/grant_rnw> in Unit <axi4lite_0> is equivalent to the following FF/Latch : <axi4lite_0/crossbar_samd/gen_sasd.crossbar_sasd_0/gen_crossbar.addr_arbiter_inst/grant_rnw_1> 
INFO:Xst:2260 - The FF/Latch <axi4lite_0/crossbar_samd/gen_sasd.crossbar_sasd_0/gen_crossbar.addr_arbiter_inst/m_valid_i> in Unit <axi4lite_0> is equivalent to the following FF/Latch : <axi4lite_0/crossbar_samd/gen_sasd.crossbar_sasd_0/gen_crossbar.addr_arbiter_inst/m_valid_i_1> 
INFO:Xst:2260 - The FF/Latch <axi4lite_0/crossbar_samd/gen_sasd.crossbar_sasd_0/gen_crossbar.addr_arbiter_inst/grant_rnw> in Unit <axi4lite_0> is equivalent to the following FF/Latch : <axi4lite_0/crossbar_samd/gen_sasd.crossbar_sasd_0/gen_crossbar.addr_arbiter_inst/grant_rnw_1> 
INFO:Xst:2260 - The FF/Latch <axi4lite_0/crossbar_samd/gen_sasd.crossbar_sasd_0/gen_crossbar.addr_arbiter_inst/m_valid_i> in Unit <axi4lite_0> is equivalent to the following FF/Latch : <axi4lite_0/crossbar_samd/gen_sasd.crossbar_sasd_0/gen_crossbar.addr_arbiter_inst/m_valid_i_1> 
INFO:Xst:2260 - The FF/Latch <axi4lite_0/crossbar_samd/gen_sasd.crossbar_sasd_0/gen_crossbar.addr_arbiter_inst/grant_rnw> in Unit <axi4lite_0> is equivalent to the following FF/Latch : <axi4lite_0/crossbar_samd/gen_sasd.crossbar_sasd_0/gen_crossbar.addr_arbiter_inst/grant_rnw_1> 

Final Macro Processing ...

=========================================================================
Final Register Report

Found no macro
=========================================================================

=========================================================================
*                           Partition Report                            *
=========================================================================

Partition Implementation Status
-------------------------------

  No Partitions were found in this design.

-------------------------------

=========================================================================
*                            Design Summary                             *
=========================================================================

Clock Information:
------------------
------------------------------------------------------------------------------+------------------------+-------+
Clock Signal                                                                  | Clock buffer(FF name)  | Load  |
------------------------------------------------------------------------------+------------------------+-------+
proc_module_i/processing_system7_0/processing_system7_0/FCLK_CLK_unbuffered<0>| BUFG                   | 197   |
------------------------------------------------------------------------------+------------------------+-------+

Asynchronous Control Signals Information:
----------------------------------------
No asynchronous control signals found in this design

Timing Summary:
---------------
Speed Grade: -1

   Minimum period: 3.829ns (Maximum Frequency: 261.165MHz)
   Minimum input arrival time before clock: 2.296ns
   Maximum output required time after clock: 3.082ns
   Maximum combinational path delay: 0.000ns

=========================================================================

*** Running xst
    with args -ifn "proc_module_stub.xst" -ofn "proc_module_stub.srp" -intstyle ise

^C
